This is pdfTeX, Version 3.14159265-2.6-1.40.20 (TeX Live 2019/Debian) (preloaded format=pdflatex 2020.5.29)  21 JUN 2020 17:50
entering extended mode
 restricted \write18 enabled.
 file:line:error style messages enabled.
 %&-line parsing enabled.
**/home/faaizz/Desktop/Projects/tuk_seminar/report/report.tex
(/home/faaizz/Desktop/Projects/tuk_seminar/report/report.tex
LaTeX2e <2020-02-02> patch level 2
L3 programming layer <2020-02-14> (/usr/share/texlive/texmf-dist/tex/latex/base/article.cls
Document Class: article 2019/12/20 v1.4l Standard LaTeX document class
(/usr/share/texlive/texmf-dist/tex/latex/base/size10.clo
File: size10.clo 2019/12/20 v1.4l Standard LaTeX file (size option)
)
\c@part=\count167
\c@section=\count168
\c@subsection=\count169
\c@subsubsection=\count170
\c@paragraph=\count171
\c@subparagraph=\count172
\c@figure=\count173
\c@table=\count174
\abovecaptionskip=\skip47
\belowcaptionskip=\skip48
\bibindent=\dimen134
) (/usr/share/texlive/texmf-dist/tex/latex/titlesec/titlesec.sty
Package: titlesec 2019/10/16 v2.13 Sectioning titles
\ttl@box=\box45
\beforetitleunit=\skip49
\aftertitleunit=\skip50
\ttl@plus=\dimen135
\ttl@minus=\dimen136
\ttl@toksa=\toks14
\titlewidth=\dimen137
\titlewidthlast=\dimen138
\titlewidthfirst=\dimen139
) (/usr/share/texlive/texmf-dist/tex/generic/babel/babel.sty
Package: babel 2020/02/14 3.40 The Babel package
 (/usr/share/texlive/texmf-dist/tex/generic/babel/switch.def
File: switch.def 2020/02/14 3.40 Babel switching mechanism
) (/usr/share/texlive/texmf-dist/tex/generic/babel-english/english.ldf
Language: english 2017/06/06 v3.3r English support from the babel system
 (/usr/share/texlive/texmf-dist/tex/generic/babel/babel.def
File: babel.def 2020/02/14 3.40 Babel common definitions
\babel@savecnt=\count175
\U@D=\dimen140
 (/usr/share/texlive/texmf-dist/tex/generic/babel/txtbabel.def)
\bbl@readstream=\read2
\bbl@dirlevel=\count176
)
Package babel Info: \l@british = using hyphenrules for english
(babel)             (\language0) on input line 82.
Package babel Info: \l@UKenglish = using hyphenrules for english
(babel)             (\language0) on input line 83.
Package babel Info: \l@canadian = using hyphenrules for english
(babel)             (\language0) on input line 102.
Package babel Info: \l@australian = using hyphenrules for english
(babel)             (\language0) on input line 105.
Package babel Info: \l@newzealand = using hyphenrules for english
(babel)             (\language0) on input line 108.
)) (/usr/share/texlive/texmf-dist/tex/latex/blindtext/blindtext.sty
Package: blindtext 2012/01/06 V2.0 blindtext-Package
 (/usr/share/texlive/texmf-dist/tex/latex/tools/xspace.sty
Package: xspace 2014/10/28 v1.13 Space after command names (DPC,MH)
)
\c@blindtext=\count177
\c@Blindtext=\count178
\c@blind@countparstart=\count179
\blind@countxx=\count180
\blindtext@numBlindtext=\count181
\blind@countyy=\count182
\c@blindlist=\count183
\c@blindlistlevel=\count184
\c@blindlist@level=\count185
\blind@listitem=\count186
\c@blind@listcount=\count187
\c@blind@levelcount=\count188
\blind@mathformula=\count189
\blind@Mathformula=\count190
\c@blind@randomcount=\count191
\c@blind@randommax=\count192
\c@blind@pangramcount=\count193
\c@blind@pangrammax=\count194
) (/usr/share/texlive/texmf-dist/tex/latex/graphics/graphicx.sty
Package: graphicx 2019/11/30 v1.2a Enhanced LaTeX Graphics (DPC,SPQR)
 (/usr/share/texlive/texmf-dist/tex/latex/graphics/keyval.sty
Package: keyval 2014/10/28 v1.15 key=value parser (DPC)
\KV@toks@=\toks15
) (/usr/share/texlive/texmf-dist/tex/latex/graphics/graphics.sty
Package: graphics 2019/11/30 v1.4a Standard LaTeX Graphics (DPC,SPQR)
 (/usr/share/texlive/texmf-dist/tex/latex/graphics/trig.sty
Package: trig 2016/01/03 v1.10 sin cos tan (DPC)
) (/usr/share/texlive/texmf-dist/tex/latex/graphics-cfg/graphics.cfg
File: graphics.cfg 2016/06/04 v1.11 sample graphics configuration
)
Package graphics Info: Driver file: pdftex.def on input line 105.
 (/usr/share/texlive/texmf-dist/tex/latex/graphics-def/pdftex.def
File: pdftex.def 2018/01/08 v1.0l Graphics/color driver for pdftex
))
\Gin@req@height=\dimen141
\Gin@req@width=\dimen142
) (/usr/share/texlive/texmf-dist/tex/latex/enumitem/enumitem.sty
Package: enumitem 2019/06/20 v3.9 Customized lists
\labelindent=\skip51
\enit@outerparindent=\dimen143
\enit@toks=\toks16
\enit@inbox=\box46
\enit@count@id=\count195
\enitdp@description=\count196
) (/usr/share/texlive/texmf-dist/tex/latex/amsmath/amsmath.sty
Package: amsmath 2020/01/20 v2.17e AMS math features
\@mathmargin=\skip52

For additional information on amsmath, use the `?' option.
(/usr/share/texlive/texmf-dist/tex/latex/amsmath/amstext.sty
Package: amstext 2000/06/29 v2.01 AMS text
 (/usr/share/texlive/texmf-dist/tex/latex/amsmath/amsgen.sty
File: amsgen.sty 1999/11/30 v2.0 generic functions
\@emptytoks=\toks17
\ex@=\dimen144
)) (/usr/share/texlive/texmf-dist/tex/latex/amsmath/amsbsy.sty
Package: amsbsy 1999/11/29 v1.2d Bold Symbols
\pmbraise@=\dimen145
) (/usr/share/texlive/texmf-dist/tex/latex/amsmath/amsopn.sty
Package: amsopn 2016/03/08 v2.02 operator names
)
\inf@bad=\count197
LaTeX Info: Redefining \frac on input line 227.
\uproot@=\count198
\leftroot@=\count199
LaTeX Info: Redefining \overline on input line 389.
\classnum@=\count266
\DOTSCASE@=\count267
LaTeX Info: Redefining \ldots on input line 486.
LaTeX Info: Redefining \dots on input line 489.
LaTeX Info: Redefining \cdots on input line 610.
\Mathstrutbox@=\box47
\strutbox@=\box48
\big@size=\dimen146
LaTeX Font Info:    Redeclaring font encoding OML on input line 733.
LaTeX Font Info:    Redeclaring font encoding OMS on input line 734.
\macc@depth=\count268
\c@MaxMatrixCols=\count269
\dotsspace@=\muskip16
\c@parentequation=\count270
\dspbrk@lvl=\count271
\tag@help=\toks18
\row@=\count272
\column@=\count273
\maxfields@=\count274
\andhelp@=\toks19
\eqnshift@=\dimen147
\alignsep@=\dimen148
\tagshift@=\dimen149
\tagwidth@=\dimen150
\totwidth@=\dimen151
\lineht@=\dimen152
\@envbody=\toks20
\multlinegap=\skip53
\multlinetaggap=\skip54
\mathdisplay@stack=\toks21
LaTeX Info: Redefining \[ on input line 2859.
LaTeX Info: Redefining \] on input line 2860.
) (/usr/share/texlive/texmf-dist/tex/latex/psnfss/mathptmx.sty
Package: mathptmx 2005/04/12 PSNFSS-v9.2a Times w/ Math, improved (SPQR, WaS) 
LaTeX Font Info:    Redeclaring symbol font `operators' on input line 28.
LaTeX Font Info:    Overwriting symbol font `operators' in version `normal'
(Font)                  OT1/cmr/m/n --> OT1/ztmcm/m/n on input line 28.
LaTeX Font Info:    Overwriting symbol font `operators' in version `bold'
(Font)                  OT1/cmr/bx/n --> OT1/ztmcm/m/n on input line 28.
LaTeX Font Info:    Redeclaring symbol font `letters' on input line 29.
LaTeX Font Info:    Overwriting symbol font `letters' in version `normal'
(Font)                  OML/cmm/m/it --> OML/ztmcm/m/it on input line 29.
LaTeX Font Info:    Overwriting symbol font `letters' in version `bold'
(Font)                  OML/cmm/b/it --> OML/ztmcm/m/it on input line 29.
LaTeX Font Info:    Redeclaring symbol font `symbols' on input line 30.
LaTeX Font Info:    Overwriting symbol font `symbols' in version `normal'
(Font)                  OMS/cmsy/m/n --> OMS/ztmcm/m/n on input line 30.
LaTeX Font Info:    Overwriting symbol font `symbols' in version `bold'
(Font)                  OMS/cmsy/b/n --> OMS/ztmcm/m/n on input line 30.
LaTeX Font Info:    Redeclaring symbol font `largesymbols' on input line 31.
LaTeX Font Info:    Overwriting symbol font `largesymbols' in version `normal'
(Font)                  OMX/cmex/m/n --> OMX/ztmcm/m/n on input line 31.
LaTeX Font Info:    Overwriting symbol font `largesymbols' in version `bold'
(Font)                  OMX/cmex/m/n --> OMX/ztmcm/m/n on input line 31.
\symbold=\mathgroup4
\symitalic=\mathgroup5
LaTeX Font Info:    Redeclaring math alphabet \mathbf on input line 34.
LaTeX Font Info:    Overwriting math alphabet `\mathbf' in version `normal'
(Font)                  OT1/cmr/bx/n --> OT1/ptm/bx/n on input line 34.
LaTeX Font Info:    Overwriting math alphabet `\mathbf' in version `bold'
(Font)                  OT1/cmr/bx/n --> OT1/ptm/bx/n on input line 34.
LaTeX Font Info:    Redeclaring math alphabet \mathit on input line 35.
LaTeX Font Info:    Overwriting math alphabet `\mathit' in version `normal'
(Font)                  OT1/cmr/m/it --> OT1/ptm/m/it on input line 35.
LaTeX Font Info:    Overwriting math alphabet `\mathit' in version `bold'
(Font)                  OT1/cmr/bx/it --> OT1/ptm/m/it on input line 35.
LaTeX Info: Redefining \hbar on input line 50.
) (/usr/share/texlive/texmf-dist/tex/latex/tools/layout.sty
Package: layout 2014/10/28 v1.2c Show layout parameters
\oneinch=\count275
\cnt@paperwidth=\count276
\cnt@paperheight=\count277
\cnt@hoffset=\count278
\cnt@voffset=\count279
\cnt@textheight=\count280
\cnt@textwidth=\count281
\cnt@topmargin=\count282
\cnt@oddsidemargin=\count283
\cnt@evensidemargin=\count284
\cnt@headheight=\count285
\cnt@headsep=\count286
\cnt@marginparsep=\count287
\cnt@marginparwidth=\count288
\cnt@marginparpush=\count289
\cnt@footskip=\count290
\fheight=\count291
\ref@top=\count292
\ref@hoffset=\count293
\ref@voffset=\count294
\ref@head=\count295
\ref@body=\count296
\ref@foot=\count297
\ref@margin=\count298
\ref@marginwidth=\count299
\ref@marginpar=\count300
\Interval=\count301
\ExtraYPos=\count302
\PositionX=\count303
\PositionY=\count304
\ArrowLength=\count305
) (/usr/share/texlive/texmf-dist/tex/latex/l3backend/l3backend-pdfmode.def
File: l3backend-pdfmode.def 2020-02-03 L3 backend support: PDF mode
\l__kernel_color_stack_int=\count306
\l__pdf_internal_box=\box49
) (/home/faaizz/Desktop/Projects/tuk_seminar/report/report.aux)
\openout1 = `report.aux'.

LaTeX Font Info:    Checking defaults for OML/cmm/m/it on input line 32.
LaTeX Font Info:    ... okay on input line 32.
LaTeX Font Info:    Checking defaults for OMS/cmsy/m/n on input line 32.
LaTeX Font Info:    ... okay on input line 32.
LaTeX Font Info:    Checking defaults for OT1/cmr/m/n on input line 32.
LaTeX Font Info:    ... okay on input line 32.
LaTeX Font Info:    Checking defaults for T1/cmr/m/n on input line 32.
LaTeX Font Info:    ... okay on input line 32.
LaTeX Font Info:    Checking defaults for TS1/cmr/m/n on input line 32.
LaTeX Font Info:    ... okay on input line 32.
LaTeX Font Info:    Checking defaults for OMX/cmex/m/n on input line 32.
LaTeX Font Info:    ... okay on input line 32.
LaTeX Font Info:    Checking defaults for U/cmr/m/n on input line 32.
LaTeX Font Info:    ... okay on input line 32.
LaTeX Font Info:    Trying to load font information for OT1+ptm on input line 32.
 (/usr/share/texlive/texmf-dist/tex/latex/psnfss/ot1ptm.fd
File: ot1ptm.fd 2001/06/04 font definitions for OT1/ptm.
) (/usr/share/texlive/texmf-dist/tex/context/base/mkii/supp-pdf.mkii
[Loading MPS to PDF converter (version 2006.09.02).]
\scratchcounter=\count307
\scratchdimen=\dimen153
\scratchbox=\box50
\nofMPsegments=\count308
\nofMParguments=\count309
\everyMPshowfont=\toks22
\MPscratchCnt=\count310
\MPscratchDim=\dimen154
\MPnumerator=\count311
\makeMPintoPDFobject=\count312
\everyMPtoPDFconversion=\toks23
) (/usr/share/texlive/texmf-dist/tex/latex/epstopdf-pkg/epstopdf-base.sty
Package: epstopdf-base 2020-01-24 v2.11 Base part for package epstopdf
Package epstopdf-base Info: Redefining graphics rule for `.eps' on input line 485.
 (/usr/share/texlive/texmf-dist/tex/latex/latexconfig/epstopdf-sys.cfg
File: epstopdf-sys.cfg 2010/07/13 v1.3 Configuration of (r)epstopdf for TeX Live
))
LaTeX Font Info:    Trying to load font information for OT1+ztmcm on input line 35.
 (/usr/share/texlive/texmf-dist/tex/latex/psnfss/ot1ztmcm.fd
File: ot1ztmcm.fd 2000/01/03 Fontinst v1.801 font definitions for OT1/ztmcm.
)
LaTeX Font Info:    Trying to load font information for OML+ztmcm on input line 35.
 (/usr/share/texlive/texmf-dist/tex/latex/psnfss/omlztmcm.fd
File: omlztmcm.fd 2000/01/03 Fontinst v1.801 font definitions for OML/ztmcm.
)
LaTeX Font Info:    Trying to load font information for OMS+ztmcm on input line 35.
 (/usr/share/texlive/texmf-dist/tex/latex/psnfss/omsztmcm.fd
File: omsztmcm.fd 2000/01/03 Fontinst v1.801 font definitions for OMS/ztmcm.
)
LaTeX Font Info:    Trying to load font information for OMX+ztmcm on input line 35.
 (/usr/share/texlive/texmf-dist/tex/latex/psnfss/omxztmcm.fd
File: omxztmcm.fd 2000/01/03 Fontinst v1.801 font definitions for OMX/ztmcm.
)
LaTeX Font Info:    Font shape `OT1/ptm/bx/n' in size <12> not available
(Font)              Font shape `OT1/ptm/b/n' tried instead on input line 35.
LaTeX Font Info:    Font shape `OT1/ptm/bx/n' in size <9> not available
(Font)              Font shape `OT1/ptm/b/n' tried instead on input line 35.
LaTeX Font Info:    Font shape `OT1/ptm/bx/n' in size <7> not available
(Font)              Font shape `OT1/ptm/b/n' tried instead on input line 35.

Underfull \hbox (badness 1137) in paragraph at lines 48--54
[]\OT1/ptm/m/n/10 Path plan-ning in-volves search-ing for an op-ti-mal
 []


Underfull \vbox (badness 10000) has occurred while \output is active []

 [1{/var/lib/texmf/fonts/map/pdftex/updmap/pdftex.map}


]
LaTeX Font Info:    Trying to load font information for TS1+ptm on input line 98.
 (/usr/share/texlive/texmf-dist/tex/latex/psnfss/ts1ptm.fd
File: ts1ptm.fd 2001/06/04 font definitions for TS1/ptm.
)
LaTeX Font Info:    Font shape `OT1/ptm/bx/n' in size <10> not available
(Font)              Font shape `OT1/ptm/b/n' tried instead on input line 104.
LaTeX Font Info:    Font shape `OT1/ptm/bx/n' in size <7.4> not available
(Font)              Font shape `OT1/ptm/b/n' tried instead on input line 104.
LaTeX Font Info:    Font shape `OT1/ptm/bx/n' in size <6> not available
(Font)              Font shape `OT1/ptm/b/n' tried instead on input line 104.
<presentation/img/u_att.png, id=7, 525.46312pt x 465.23813pt>
File: presentation/img/u_att.png Graphic file (type png)
<use presentation/img/u_att.png>
Package pdftex.def Info: presentation/img/u_att.png  used on input line 130.
(pdftex.def)             Requested size: 236.45622pt x 209.35521pt.

Overfull \hbox (15.45622pt too wide) in paragraph at lines 130--131
 [][] 
 []


Underfull \hbox (badness 1043) in paragraph at lines 152--160
\OT1/ptm/m/n/10 A suit-able se-lec-tion ac-cord-ing to ki-netic the-ory is
 []


Underfull \hbox (badness 10000) in paragraph at lines 152--160

 []

<presentation/img/u_uni_plot.png, id=8, 508.90125pt x 473.51906pt>
File: presentation/img/u_uni_plot.png Graphic file (type png)
<use presentation/img/u_uni_plot.png>
Package pdftex.def Info: presentation/img/u_uni_plot.png  used on input line 168.
(pdftex.def)             Requested size: 229.00345pt x 213.08159pt.

Overfull \hbox (8.00345pt too wide) in paragraph at lines 168--169
 [][] 
 []

[2 </home/faaizz/Desktop/Projects/tuk_seminar/report/presentation/img/u_att.png>]
<presentation/img/path.png, id=18, 160.4394pt x 155.1396pt>
File: presentation/img/path.png Graphic file (type png)
<use presentation/img/path.png>
Package pdftex.def Info: presentation/img/path.png  used on input line 199.
(pdftex.def)             Requested size: 192.52632pt x 186.16656pt.
<presentation/img/traj_lat.png, id=20, 414.04688pt x 321.45094pt>
File: presentation/img/traj_lat.png Graphic file (type png)
<use presentation/img/traj_lat.png>
Package pdftex.def Info: presentation/img/traj_lat.png  used on input line 221.
(pdftex.def)             Requested size: 186.31937pt x 144.65158pt.
<presentation/img/traj_lon.png, id=21, 429.10312pt x 310.91156pt>
File: presentation/img/traj_lon.png Graphic file (type png)
<use presentation/img/traj_lon.png>
Package pdftex.def Info: presentation/img/traj_lon.png  used on input line 228.
(pdftex.def)             Requested size: 193.09462pt x 139.90889pt.

Underfull \vbox (badness 10000) has occurred while \output is active []

 [3 </home/faaizz/Desktop/Projects/tuk_seminar/report/presentation/img/u_uni_plot.png> </home/faaizz/Desktop/Projects/tuk_seminar/report/presentation/img/path.png> </home/faaizz/Desktop/Projects/tuk_seminar/report/presentation/img/traj_lat.png (PNG copy)>]
Underfull \hbox (badness 10000) in paragraph at lines 290--293

 []

LaTeX Font Info:    Font shape `OT1/ptm/bx/n' in size <8> not available
(Font)              Font shape `OT1/ptm/b/n' tried instead on input line 311.
LaTeX Font Info:    Font shape `OT1/ptm/bx/n' in size <5> not available
(Font)              Font shape `OT1/ptm/b/n' tried instead on input line 311.

Underfull \hbox (badness 10000) in paragraph at lines 319--321

 []

[4 </home/faaizz/Desktop/Projects/tuk_seminar/report/presentation/img/traj_lon.png (PNG copy)>]
Underfull \hbox (badness 10000) in paragraph at lines 366--368

 []


Underfull \hbox (badness 10000) in paragraph at lines 387--389

 []

(/home/faaizz/Desktop/Projects/tuk_seminar/report/report.bbl
Underfull \hbox (badness 1082) in paragraph at lines 57--62
\OT1/ptm/m/n/10 Path plan-ning and ob-sta-cle avoid-ance for au-
 []


Underfull \hbox (badness 5231) in paragraph at lines 57--62
\OT1/ptm/m/n/10 tonomous mo-bile robots: A re-view.  In
 []


Underfull \hbox (badness 3838) in paragraph at lines 71--76
[]\OT1/ptm/m/n/10 Julio E. Normey-Rico, Is-mael Al-cal[]a, Juan
 []


Underfull \hbox (badness 1038) in paragraph at lines 78--82
\OT1/ptm/m/it/10 And Op-er-a-tional Space For-mu-la-tion In Robot
 []


Underfull \hbox (badness 1762) in paragraph at lines 91--97
\OT1/ptm/m/n/10 straints of au-tonomous robots.  In \OT1/ptm/m/it/10 Proc. of
 []


Underfull \hbox (badness 2134) in paragraph at lines 91--97
\OT1/ptm/m/it/10 ROBOTIK 2012- 7th Ger-man Con-fer-ence on
 []

[5]) [6

] (/home/faaizz/Desktop/Projects/tuk_seminar/report/report.aux) ) 
Here is how much of TeX's memory you used:
 3523 strings out of 483183
 49947 string characters out of 5966292
 319181 words of memory out of 5000000
 18453 multiletter control sequences out of 15000+600000
 580001 words of font info for 122 fonts, out of 8000000 for 9000
 14 hyphenation exceptions out of 8191
 30i,10n,30p,289b,222s stack positions out of 5000i,500n,10000p,200000b,80000s
{/usr/share/texlive/texmf-dist/fonts/enc/dvips/base/8r.enc}</usr/share/texlive/texmf-dist/fonts/type1/public/amsfonts/cm/cmex10.pfb></usr/share/texlive/texmf-dist/fonts/type1/public/amsfonts/cm/cmmi10.pfb></usr/share/texlive/texmf-dist/fonts/type1/public/amsfonts/cm/cmr10.pfb></usr/share/texlive/texmf-dist/fonts/type1/public/amsfonts/cm/cmsy10.pfb></usr/share/texlive/texmf-dist/fonts/type1/urw/symbol/usyr.pfb></usr/share/texlive/texmf-dist/fonts/type1/urw/symbol/usyr.pfb></usr/share/texlive/texmf-dist/fonts/type1/urw/times/utmr8a.pfb></usr/share/texlive/texmf-dist/fonts/type1/urw/times/utmri8a.pfb>
Output written on /home/faaizz/Desktop/Projects/tuk_seminar/report/report.pdf (6 pages, 498689 bytes).
PDF statistics:
 63 PDF objects out of 1000 (max. 8388607)
 40 compressed objects within 1 object stream
 0 named destinations out of 1000 (max. 500000)
 26 words of extra memory for PDF output out of 10000 (max. 10000000)

